<?xml version="1.0" encoding="UTF-8"?>
<!-- Generated by org.testng.reporters.JUnitReportReporter -->
<testsuite hostname="DESKTOP-1QCT5TG" name="com.bussinessscripts.SampleTestTwo" tests="1" failures="0" timestamp="1 Jun 2021 09:02:36 GMT" time="13.572" errors="0">
  <testcase name="testTwo" time="13.572" classname="com.bussinessscripts.SampleTestTwo"/>
</testsuite> <!-- com.bussinessscripts.SampleTestTwo -->
