<?xml version="1.0" encoding="UTF-8"?>
<!-- Generated by org.testng.reporters.JUnitReportReporter -->
<testsuite hostname="DESKTOP-1QCT5TG" name="com.bussinessscripts.SampleTest" tests="1" failures="0" timestamp="1 Jun 2021 09:02:36 GMT" time="19.874" errors="0">
  <testcase name="testOne" time="19.874" classname="com.bussinessscripts.SampleTest"/>
</testsuite> <!-- com.bussinessscripts.SampleTest -->
