<?xml version="1.0" encoding="UTF-8"?>
<!-- Generated by org.testng.reporters.JUnitReportReporter -->
<testsuite hostname="DESKTOP-1QCT5TG" name="com.bussinessscripts.SampleTest" tests="1" failures="0" timestamp="31 May 2021 12:48:01 GMT" time="11.965" errors="0">
  <testcase name="testOne" time="11.965" classname="com.bussinessscripts.SampleTest"/>
</testsuite> <!-- com.bussinessscripts.SampleTest -->
