<?xml version="1.0" encoding="UTF-8"?>
<!-- Generated by org.testng.reporters.JUnitReportReporter -->
<testsuite hostname="DESKTOP-1QCT5TG" name="com.bussinessscripts.SampleTest" tests="1" failures="0" timestamp="31 May 2021 12:33:25 GMT" time="13.642" errors="0">
  <testcase name="testOne" time="13.642" classname="com.bussinessscripts.SampleTest"/>
</testsuite> <!-- com.bussinessscripts.SampleTest -->
